[prun] Master compute host = n16-80
[prun] Resource manager = slurm
[prun] Launch cmd = mpirun ./fdm_mpi 0.00390625 (family=openmpi4)
I am process 1 of 12. points_per_slice=22 of 256. first_point=0, last_point=21
I am process 2 of 12. points_per_slice=22 of 256. first_point=23, last_point=44
I am process 3 of 12. points_per_slice=22 of 256. first_point=46, last_point=67
I am process 4 of 12. points_per_slice=22 of 256. first_point=69, last_point=90
I am process 9 of 12. points_per_slice=21 of 256. first_point=172, last_point=192
I am process 5 of 12. points_per_slice=21 of 256. first_point=88, last_point=108
I am process 10 of 12. points_per_slice=21 of 256. first_point=193, last_point=213
I am process 6 of 12. points_per_slice=21 of 256. first_point=109, last_point=129
I am process 11 of 12. points_per_slice=21 of 256. first_point=214, last_point=234
I am process 7 of 12. points_per_slice=21 of 256. first_point=130, last_point=150
I am process 12 of 12. points_per_slice=21 of 256. first_point=235, last_point=255
I am process 8 of 12. points_per_slice=21 of 256. first_point=151, last_point=171
Done! in 82 steps
Execution time: 1.624404 seconds
Main execution time: 4.533801 seconds
Main execution time: 4.533782 seconds
Main execution time: 4.533959 seconds
Main execution time: 4.533871 seconds
Main execution time: 4.614586 seconds
Main execution time: 4.614604 seconds
Main execution time: 4.614680 seconds
Main execution time: 4.614765 seconds
Main execution time: 4.589328 seconds
Main execution time: 4.589546 seconds
Main execution time: 4.589624 seconds
Main execution time: 4.601366 seconds
done
