[prun] Master compute host = n16-80
[prun] Resource manager = slurm
[prun] Launch cmd = mpirun ./fdm_mpi 0.0078125 (family=openmpi4)
I am process 1 of 8. points_per_slice=16 of 128. first_point=0, last_point=15
I am process 2 of 8. points_per_slice=16 of 128. first_point=16, last_point=31
I am process 3 of 8. points_per_slice=16 of 128. first_point=32, last_point=47
I am process 4 of 8. points_per_slice=16 of 128. first_point=48, last_point=63
I am process 5 of 8. points_per_slice=16 of 128. first_point=64, last_point=79
I am process 6 of 8. points_per_slice=16 of 128. first_point=80, last_point=95
I am process 7 of 8. points_per_slice=16 of 128. first_point=96, last_point=111
I am process 8 of 8. points_per_slice=16 of 128. first_point=112, last_point=127
Done! in 96 steps
Execution time: 0.668186 seconds
Main execution time: 3.153263 seconds
Main execution time: 3.153228 seconds
Main execution time: 3.153242 seconds
Main execution time: 3.153191 seconds
Main execution time: 3.063424 seconds
Main execution time: 3.063641 seconds
Main execution time: 3.063692 seconds
Main execution time: 3.079316 seconds
done
